0 info it worked if it ends with ok
1 verbose cli [ 'C:\\Program Files\\nodejs\\node.exe',
1 verbose cli   'C:\\Code\\npm\\node_modules\\npm\\bin\\npm-cli.js',
1 verbose cli   'run',
1 verbose cli   'start' ]
2 info using npm@3.8.5
3 info using node@v5.10.1
4 verbose run-script [ 'prestart', 'start', 'poststart' ]
5 info lifecycle guidentifier_appengine@1.0.0~prestart: guidentifier_appengine@1.0.0
6 silly lifecycle guidentifier_appengine@1.0.0~prestart: no script for prestart, continuing
7 info lifecycle guidentifier_appengine@1.0.0~start: guidentifier_appengine@1.0.0
8 verbose lifecycle guidentifier_appengine@1.0.0~start: unsafe-perm in lifecycle true
9 verbose lifecycle guidentifier_appengine@1.0.0~start: PATH: C:\Code\npm\node_modules\npm\bin\node-gyp-bin;C:\Code\git\guidentifier\react_app\node_modules\.bin;C:\Program Files\nodejs;C:\Program Files (x86)\Common Files\Intel\Shared Libraries\redist\intel64\compiler;C:\Code\Python27\;C:\Code\Python27\Scripts;C:\ProgramData\Oracle\Java\javapath;C:\Program Files\Common Files\Microsoft Shared\Windows Live;C:\Program Files (x86)\Common Files\Microsoft Shared\Windows Live;C:\Program Files (x86)\Intel\iCLS Client\;C:\Program Files\Intel\iCLS Client\;C:\Windows\system32;C:\Windows;C:\Windows\System32\Wbem;C:\Program Files\Intel\WiFi\bin\;C:\Program Files\Common Files\Intel\WirelessCommon\;C:\Program Files (x86)\Windows Live\Shared;C:\Windows\System32\WindowsPowerShell\v1.0\;C:\Program Files (x86)\QuickTime\QTSystem\;C:\Program Files (x86)\Common Files\Acronis\SnapAPI\;C:\Code\apache-maven-3.2.5\bin;C:\Program Files (x86)\NVIDIA Corporation\PhysX\Common;C:\WINDOWS\system32;C:\WINDOWS;C:\WINDOWS\System32\Wbem;C:\WINDOWS\System32\WindowsPowerShell\v1.0\;C:\Program Files (x86)\Skype\Phone\;C:\Code\gradle-2.12\bin;C:\Code\npm;C:\Program Files\nodejs\;C:\Users\Jonathan\AppData\Local\Microsoft\WindowsApps;
10 verbose lifecycle guidentifier_appengine@1.0.0~start: CWD: C:\Code\git\guidentifier\react_app
11 silly lifecycle guidentifier_appengine@1.0.0~start: Args: [ '/d /s /c',
11 silly lifecycle   'webpack-dev-server --progress --port 8088 --host 0.0.0.0' ]
12 silly lifecycle guidentifier_appengine@1.0.0~start: Returned: code: 1  signal: null
13 info lifecycle guidentifier_appengine@1.0.0~start: Failed to exec start script
14 verbose stack Error: guidentifier_appengine@1.0.0 start: `webpack-dev-server --progress --port 8088 --host 0.0.0.0`
14 verbose stack Exit status 1
14 verbose stack     at EventEmitter.<anonymous> (C:\Code\npm\node_modules\npm\lib\utils\lifecycle.js:239:16)
14 verbose stack     at emitTwo (events.js:100:13)
14 verbose stack     at EventEmitter.emit (events.js:185:7)
14 verbose stack     at ChildProcess.<anonymous> (C:\Code\npm\node_modules\npm\lib\utils\spawn.js:24:14)
14 verbose stack     at emitTwo (events.js:100:13)
14 verbose stack     at ChildProcess.emit (events.js:185:7)
14 verbose stack     at maybeClose (internal/child_process.js:850:16)
14 verbose stack     at Process.ChildProcess._handle.onexit (internal/child_process.js:215:5)
15 verbose pkgid guidentifier_appengine@1.0.0
16 verbose cwd C:\Code\git\guidentifier\react_app
17 error Windows_NT 10.0.14393
18 error argv "C:\\Program Files\\nodejs\\node.exe" "C:\\Code\\npm\\node_modules\\npm\\bin\\npm-cli.js" "run" "start"
19 error node v5.10.1
20 error npm  v3.8.5
21 error code ELIFECYCLE
22 error guidentifier_appengine@1.0.0 start: `webpack-dev-server --progress --port 8088 --host 0.0.0.0`
22 error Exit status 1
23 error Failed at the guidentifier_appengine@1.0.0 start script 'webpack-dev-server --progress --port 8088 --host 0.0.0.0'.
23 error Make sure you have the latest version of node.js and npm installed.
23 error If you do, this is most likely a problem with the guidentifier_appengine package,
23 error not with npm itself.
23 error Tell the author that this fails on your system:
23 error     webpack-dev-server --progress --port 8088 --host 0.0.0.0
23 error You can get information on how to open an issue for this project with:
23 error     npm bugs guidentifier_appengine
23 error Or if that isn't available, you can get their info via:
23 error     npm owner ls guidentifier_appengine
23 error There is likely additional logging output above.
24 verbose exit [ 1, true ]
